<?xml version="1.0" encoding="UTF-8"?>
<testsuite name="com.example.CST438_P3.Cst438P3ApplicationTests" tests="1" skipped="0" failures="0" errors="0" timestamp="2025-10-30T01:18:49.480Z" hostname="Krisztians-MacBook-Air.local" time="0.469">
  <properties/>
  <testcase name="contextLoads()" classname="com.example.CST438_P3.Cst438P3ApplicationTests" time="0.469"/>
  <system-out><![CDATA[18:18:48.633 [Test worker] INFO org.springframework.test.context.support.AnnotationConfigContextLoaderUtils -- Could not detect default configuration classes for test class [com.example.CST438_P3.Cst438P3ApplicationTests]: Cst438P3ApplicationTests does not declare any static, non-private, non-final, nested classes annotated with @Configuration.
18:18:48.686 [Test worker] INFO org.springframework.boot.test.context.SpringBootTestContextBootstrapper -- Found @SpringBootConfiguration com.example.CST438_P3.Cst438P3Application for test class com.example.CST438_P3.Cst438P3ApplicationTests

  .   ____          _            __ _ _
 /\\ / ___'_ __ _ _(_)_ __  __ _ \ \ \ \
( ( )\___ | '_ | '_| | '_ \/ _` | \ \ \ \
 \\/  ___)| |_)| | | | | || (_| |  ) ) ) )
  '  |____| .__|_| |_|_| |_\__, | / / / /
 =========|_|==============|___/=/_/_/_/

 :: Spring Boot ::                (v3.5.7)

2025-10-29T18:18:48.886-07:00  INFO 53531 --- [CST438-P3] [    Test worker] c.e.CST438_P3.Cst438P3ApplicationTests   : Starting Cst438P3ApplicationTests using Java 17.0.10 with PID 53531 (started by krisztiannagy in /Users/krisztiannagy/Documents/CST 438/Project3/Backend/CST-438-Fall-25-Project-3-Backend)
2025-10-29T18:18:48.887-07:00  INFO 53531 --- [CST438-P3] [    Test worker] c.e.CST438_P3.Cst438P3ApplicationTests   : No active profile set, falling back to 1 default profile: "default"
2025-10-29T18:18:49.473-07:00  INFO 53531 --- [CST438-P3] [    Test worker] c.e.CST438_P3.Cst438P3ApplicationTests   : Started Cst438P3ApplicationTests in 0.696 seconds (process running for 1.41)
]]></system-out>
  <system-err><![CDATA[]]></system-err>
</testsuite>
